Heap:
 garbage-first heap   total 49152K, used 15567K [0x0000000088e00000, 0x0000000100000000)
  region size 1024K, 2 young (2048K), 2 survivors (2048K)
 Metaspace       used 30613K, capacity 31657K, committed 31740K, reserved 1085440K
  class space    used 4087K, capacity 4525K, committed 4608K, reserved 1048576K
GC Heap History (20 events):
Event: 3.204 GC heap before
{Heap before GC invocations=3 (full 0):
 garbage-first heap   total 122880K, used 46787K [0x0000000088e00000, 0x0000000100000000)
  region size 1024K, 41 young (41984K), 2 survivors (2048K)
 Metaspace       used 16951K, capacity 17511K, committed 17664K, reserved 1064960K
  class space    used 2304K, capacity 2513K, committed 2560K, reserved 1048576K
}
Event: 3.212 GC heap after
{Heap after GC invocations=4 (full 0):
 garbage-first heap   total 122880K, used 8694K [0x0000000088e00000, 0x0000000100000000)
  region size 1024K, 4 young (4096K), 4 survivors (4096K)
 Metaspace       used 16951K, capacity 17511K, committed 17664K, reserved 1064960K
  class space    used 2304K, capacity 2513K, committed 2560K, reserved 1048576K
}
Event: 3.776 GC heap before
{Heap before GC invocations=4 (full 0):
 garbage-first heap   total 122880K, used 35318K [0x0000000088e00000, 0x0000000100000000)
  region size 1024K, 31 young (31744K), 4 survivors (4096K)
 Metaspace       used 20286K, capacity 21024K, committed 21248K, reserved 1067008K
  class space    used 2774K, capacity 3062K, committed 3072K, reserved 1048576K
}
Event: 3.790 GC heap after
{Heap after GC invocations=5 (full 0):
 garbage-first heap   total 122880K, used 10119K [0x0000000088e00000, 0x0000000100000000)
  region size 1024K, 5 young (5120K), 5 survivors (5120K)
 Metaspace       used 20286K, capacity 21024K, committed 21248K, reserved 1067008K
  class space    used 2774K, capacity 3062K, committed 3072K, reserved 1048576K
}
Event: 4.283 GC heap before
{Heap before GC invocations=6 (full 0):
 garbage-first heap   total 40960K, used 29575K [0x0000000088e00000, 0x0000000100000000)
  region size 1024K, 24 young (24576K), 5 survivors (5120K)
 Metaspace       used 23702K, capacity 24728K, committed 24956K, reserved 1071104K
  class space    used 3237K, capacity 3612K, committed 3712K, reserved 1048576K
}
Event: 4.304 GC heap after
{Heap after GC invocations=7 (full 0):
 garbage-first heap   total 40960K, used 12121K [0x0000000088e00000, 0x0000000100000000)
  region size 1024K, 3 young (3072K), 3 survivors (3072K)
 Metaspace       used 23702K, capacity 24728K, committed 24956K, reserved 1071104K
  class space    used 3237K, capacity 3612K, committed 3712K, reserved 1048576K
}
Event: 4.553 GC heap before
{Heap before GC invocations=7 (full 0):
 garbage-first heap   total 40960K, used 26457K [0x0000000088e00000, 0x0000000100000000)
  region size 1024K, 17 young (17408K), 3 survivors (3072K)
 Metaspace       used 25244K, capacity 26342K, committed 26492K, reserved 1071104K
  class space    used 3430K, capacity 3851K, committed 3968K, reserved 1048576K
}
Event: 4.559 GC heap after
{Heap after GC invocations=8 (full 0):
 garbage-first heap   total 40960K, used 12987K [0x0000000088e00000, 0x0000000100000000)
  region size 1024K, 1 young (1024K), 1 survivors (1024K)
 Metaspace       used 25244K, capacity 26342K, committed 26492K, reserved 1071104K
  class space    used 3430K, capacity 3851K, committed 3968K, reserved 1048576K
}
Event: 7.172 GC heap before
{Heap before GC invocations=8 (full 0):
 garbage-first heap   total 40960K, used 28347K [0x0000000088e00000, 0x0000000100000000)
  region size 1024K, 16 young (16384K), 1 survivors (1024K)
 Metaspace       used 30547K, capacity 31601K, committed 31740K, reserved 1077248K
  class space    used 4080K, capacity 4488K, committed 4608K, reserved 1048576K
}
Event: 7.178 GC heap after
{Heap after GC invocations=9 (full 0):
 garbage-first heap   total 49152K, used 15419K [0x0000000088e00000, 0x0000000100000000)
  region size 1024K, 2 young (2048K), 2 survivors (2048K)
 Metaspace       used 30547K, capacity 31601K, committed 31740K, reserved 1077248K
  class space    used 4080K, capacity 4488K, committed 4608K, reserved 1048576K
}
Event: 19.184 GC heap before
{Heap before GC invocations=9 (full 0):
 garbage-first heap   total 49152K, used 31803K [0x0000000088e00000, 0x0000000100000000)
  region size 1024K, 19 young (19456K), 2 survivors (2048K)
 Metaspace       used 30572K, capacity 31613K, committed 31740K, reserved 1077248K
  class space    used 4082K, capacity 4490K, committed 4608K, reserved 1048576K
}
Event: 19.191 GC heap after
{Heap after GC invocations=10 (full 0):
 garbage-first heap   total 49152K, used 15653K [0x0000000088e00000, 0x0000000100000000)
  region size 1024K, 2 young (2048K), 2 survivors (2048K)
 Metaspace       used 30572K, capacity 31613K, committed 31740K, reserved 1077248K
  class space    used 4082K, capacity 4490K, committed 4608K, reserved 1048576K
}
Event: 28.411 GC heap before
{Heap before GC invocations=10 (full 0):
 garbage-first heap   total 49152K, used 33061K [0x0000000088e00000, 0x0000000100000000)
  region size 1024K, 19 young (19456K), 2 survivors (2048K)
 Metaspace       used 30581K, capacity 31625K, committed 31740K, reserved 1077248K
  class space    used 4084K, capacity 4493K, committed 4608K, reserved 1048576K
}
Event: 28.414 GC heap after
{Heap after GC invocations=11 (full 0):
 garbage-first heap   total 49152K, used 15859K [0x0000000088e00000, 0x0000000100000000)
  region size 1024K, 2 young (2048K), 2 survivors (2048K)
 Metaspace       used 30581K, capacity 31625K, committed 31740K, reserved 1077248K
  class space    used 4084K, capacity 4493K, committed 4608K, reserved 1048576K
}
Event: 44.280 GC heap before
{Heap before GC invocations=11 (full 0):
 garbage-first heap   total 49152K, used 34291K [0x0000000088e00000, 0x0000000100000000)
  region size 1024K, 20 young (20480K), 2 survivors (2048K)
 Metaspace       used 30587K, capacity 31625K, committed 31740K, reserved 1077248K
  class space    used 4084K, capacity 4493K, committed 4608K, reserved 1048576K
}
Event: 44.284 GC heap after
{Heap after GC invocations=12 (full 0):
 garbage-first heap   total 49152K, used 15756K [0x0000000088e00000, 0x0000000100000000)
  region size 1024K, 2 young (2048K), 2 survivors (2048K)
 Metaspace       used 30587K, capacity 31625K, committed 31740K, reserved 1077248K
  class space    used 4084K, capacity 4493K, committed 4608K, reserved 1048576K
}
Event: 60.726 GC heap before
{Heap before GC invocations=12 (full 0):
 garbage-first heap   total 49152K, used 34188K [0x0000000088e00000, 0x0000000100000000)
  region size 1024K, 20 young (20480K), 2 survivors (2048K)
 Metaspace       used 30587K, capacity 31625K, committed 31740K, reserved 1077248K
  class space    used 4084K, capacity 4493K, committed 4608K, reserved 1048576K
}
Event: 60.729 GC heap after
{Heap after GC invocations=13 (full 0):
 garbage-first heap   total 49152K, used 15688K [0x0000000088e00000, 0x0000000100000000)
  region size 1024K, 2 young (2048K), 2 survivors (2048K)
 Metaspace       used 30587K, capacity 31625K, committed 31740K, reserved 1077248K
  class space    used 4084K, capacity 4493K, committed 4608K, reserved 1048576K
}
Event: 73.277 GC heap before
{Heap before GC invocations=13 (full 0):
 garbage-first heap   total 49152K, used 29000K [0x0000000088e00000, 0x0000000100000000)
  region size 1024K, 16 young (16384K), 2 survivors (2048K)
 Metaspace       used 30613K, capacity 31657K, committed 31740K, reserved 1083392K
  class space    used 4087K, capacity 4525K, committed 4608K, reserved 1048576K
}
Event: 73.285 GC heap after
{Heap after GC invocations=14 (full 0):
 garbage-first heap   total 49152K, used 15567K [0x0000000088e00000, 0x0000000100000000)
  region size 1024K, 2 young (2048K), 2 survivors (2048K)
 Metaspace       used 30613K, capacity 31657K, committed 31740K, reserved 1083392K
  class space    used 4087K, capacity 4525K, committed 4608K, reserved 1048576K
}

